2025-09-04 23:03:25,427 - INFO - Save log to ./logs/training/sbi_2025-09-04-23-03-25
2025-09-04 23:03:25,427 - INFO - --------------- Configuration ---------------
2025-09-04 23:03:25,428 - INFO - Parameters: 
log_dir: ./logs/training/
pretrained: C:/ml df project/DeepfakeBench/training/pretrained/pretrained/xception-b5690688.pth
model_name: sbi
backbone_name: efficientnetb4
backbone_config: {'mode': 'original', 'num_classes': 2, 'inc': 3, 'dropout': False, 'pretrained': True}
all_dataset: ['FaceForensics++', 'FF-F2F', 'FF-DF', 'FF-FS', 'FF-NT', 'FaceShifter', 'DeepFakeDetection', 'Celeb-DF-v1', 'Celeb-DF-v2', 'DFDCP', 'DFDC', 'DeeperForensics-1.0', 'UADFV']
train_dataset: ['UADFV']
test_dataset: ['UADFV']
dataset_type: blend
compression: c23
train_batchSize: 4
test_batchSize: 4
workers: 2
frame_num: {'train': 4, 'test': 8}
resolution: 224
with_mask: False
with_landmark: True
save_ckpt: True
save_feat: True
use_data_augmentation: False
data_aug: {'flip_prob': 0.5, 'rotate_prob': 0.5, 'rotate_limit': [-10, 10], 'blur_prob': 0.5, 'blur_limit': [3, 7], 'brightness_prob': 0.5, 'brightness_limit': [-0.1, 0.1], 'contrast_limit': [-0.1, 0.1], 'quality_lower': 40, 'quality_upper': 100}
mean: [0.485, 0.456, 0.406]
std: [0.229, 0.224, 0.225]
optimizer: {'type': 'adam', 'adam': {'lr': 0.0002, 'beta1': 0.9, 'beta2': 0.999, 'eps': 1e-08, 'weight_decay': 0.0005, 'amsgrad': False}, 'sgd': {'lr': 0.0002, 'momentum': 0.9, 'weight_decay': 0.0005}, 'sam': {'lr': 0.001, 'momentum': 0.9}}
lr_scheduler: step
lr_step: 3
lr_gamma: 0.4
nEpochs: 20
start_epoch: 0
save_epoch: 1
rec_iter: 100
logdir: ./logs
manualSeed: 1024
loss_func: cross_entropy
losstype: None
metric_scoring: auc
cuda: True
cudnn: True
mode: train
lmdb: False
dry_run: False
rgb_dir: ./datasets
lmdb_dir: 
dataset_json_folder: C:/ml df project/DeepfakeBench/preprocessing/dataset_json
SWA: False
save_avg: True
label_dict: {'DFD_fake': 1, 'DFD_real': 0, 'FF-SH': 1, 'FF-F2F': 1, 'FF-DF': 1, 'FF-FS': 1, 'FF-NT': 1, 'FF-FH': 1, 'FF-real': 0, 'CelebDFv1_real': 0, 'CelebDFv1_fake': 1, 'CelebDFv2_real': 0, 'CelebDFv2_fake': 1, 'DFDCP_Real': 0, 'DFDCP_FakeA': 1, 'DFDCP_FakeB': 1, 'DFDC_Fake': 1, 'DFDC_Real': 0, 'DF_fake': 1, 'DF_real': 0, 'UADFV_Fake': 1, 'UADFV_Real': 0, 'roop_Real': 0, 'roop_Fake': 1}
local_rank: 0
ddp: False

2025-09-04 23:03:26,048 - INFO - Load pretrained model successfully!
2025-09-04 23:03:26,247 - INFO - ===> Epoch[0] start!
2025-09-04 23:03:26,249 - INFO - data_dict saved to ./logs/training/sbi_2025-09-04-23-03-25\train\UADFV\data_dict_train.pickle
2025-09-04 23:03:51,760 - INFO - Iter: 0    training-loss, overall: 0.6717680096626282    
2025-09-04 23:03:51,773 - INFO - Iter: 0    training-metric, acc: 0.375    training-metric, auc: 0.5    training-metric, eer: 0.5    training-metric, ap: 0.6428571428571428    
2025-09-04 23:04:38,217 - INFO - ===> Test start!
2025-09-04 23:04:38,221 - INFO - data_dict saved to ./logs/training/sbi_2025-09-04-23-03-25\test\UADFV\data_dict_test.pickle
