2025-10-09 23:24:22,852 - INFO - Save log to ./logs/training/sbi_2025-10-09-23-24-22
2025-10-09 23:24:22,853 - INFO - --------------- Configuration ---------------
2025-10-09 23:24:22,853 - INFO - Parameters: 
log_dir: ./logs/training/
pretrained: C:/ml df project/DeepfakeBench/training/pretrained/pretrained/xception-b5690688.pth
model_name: sbi
backbone_name: efficientnetb4
backbone_config: {'mode': 'original', 'num_classes': 2, 'inc': 3, 'dropout': False, 'pretrained': True}
all_dataset: ['FaceForensics++', 'FF-F2F', 'FF-DF', 'FF-FS', 'FF-NT', 'FaceShifter', 'DeepFakeDetection', 'Celeb-DF-v1', 'Celeb-DF-v2', 'DFDCP', 'DFDC', 'DeeperForensics-1.0', 'UADFV']
train_dataset: ['UADFV']
test_dataset: ['UADFV']
dataset_type: blend
compression: c23
train_batchSize: 4
test_batchSize: 4
workers: 2
frame_num: {'train': 4, 'test': 8}
resolution: 224
with_mask: False
with_landmark: True
save_ckpt: True
save_feat: True
use_data_augmentation: False
data_aug: {'flip_prob': 0.5, 'rotate_prob': 0.5, 'rotate_limit': [-10, 10], 'blur_prob': 0.5, 'blur_limit': [3, 7], 'brightness_prob': 0.5, 'brightness_limit': [-0.1, 0.1], 'contrast_limit': [-0.1, 0.1], 'quality_lower': 40, 'quality_upper': 100}
mean: [0.485, 0.456, 0.406]
std: [0.229, 0.224, 0.225]
optimizer: {'type': 'adam', 'adam': {'lr': 0.0002, 'beta1': 0.9, 'beta2': 0.999, 'eps': 1e-08, 'weight_decay': 0.0005, 'amsgrad': False}, 'sgd': {'lr': 0.0002, 'momentum': 0.9, 'weight_decay': 0.0005}, 'sam': {'lr': 0.001, 'momentum': 0.9}}
lr_scheduler: step
lr_step: 3
lr_gamma: 0.4
nEpochs: 20
start_epoch: 0
save_epoch: 1
rec_iter: 100
logdir: ./logs
manualSeed: 1024
loss_func: cross_entropy
losstype: None
metric_scoring: auc
cuda: True
cudnn: True
mode: train
lmdb: False
dry_run: False
rgb_dir: ./datasets
lmdb_dir: 
dataset_json_folder: C:/ml df project/DeepfakeBench/preprocessing/dataset_json
SWA: False
save_avg: True
label_dict: {'DFD_fake': 1, 'DFD_real': 0, 'FF-SH': 1, 'FF-F2F': 1, 'FF-DF': 1, 'FF-FS': 1, 'FF-NT': 1, 'FF-FH': 1, 'FF-real': 0, 'CelebDFv1_real': 0, 'CelebDFv1_fake': 1, 'CelebDFv2_real': 0, 'CelebDFv2_fake': 1, 'DFDCP_Real': 0, 'DFDCP_FakeA': 1, 'DFDCP_FakeB': 1, 'DFDC_Fake': 1, 'DFDC_Real': 0, 'DF_fake': 1, 'DF_real': 0, 'UADFV_Fake': 1, 'UADFV_Real': 0, 'roop_Real': 0, 'roop_Fake': 1}
local_rank: 0
ddp: False

2025-10-09 23:24:23,721 - INFO - Load pretrained model successfully!
2025-10-09 23:24:24,042 - INFO - ===> Epoch[0] start!
2025-10-09 23:24:24,044 - INFO - data_dict saved to ./logs/training/sbi_2025-10-09-23-24-22\train\UADFV\data_dict_train.pickle
2025-10-09 23:24:56,812 - INFO - Iter: 0    training-loss, overall: 0.6717680096626282    
2025-10-09 23:24:56,828 - INFO - Iter: 0    training-metric, acc: 0.375    training-metric, auc: 0.5    training-metric, eer: 0.5    training-metric, ap: 0.6428571428571428    
2025-10-09 23:25:49,659 - INFO - ===> Test start!
2025-10-09 23:25:49,664 - INFO - data_dict saved to ./logs/training/sbi_2025-10-09-23-24-22\test\UADFV\data_dict_test.pickle
2025-10-09 23:26:43,293 - INFO - Checkpoint saved to ./logs/training/sbi_2025-10-09-23-24-22\test\UADFV\ckpt_best.pth, current ckpt is 0+48
2025-10-09 23:26:43,295 - INFO - Metrics saved to ./logs/training/sbi_2025-10-09-23-24-22\test\UADFV\metric_dict_best.pickle
2025-10-09 23:26:43,300 - INFO - dataset: UADFV    step: 48    testing-loss, overall: 0.6612778902053833    
2025-10-09 23:26:43,320 - INFO - dataset: UADFV    step: 48    testing-metric, acc: 0.5969387755102041    testing-metric, auc: 0.6408202311536859    testing-metric, eer: 0.4005102040816326    testing-metric, ap: 0.6302070630159424    testing-metric, video_auc: 0.6526447313619326    testing-metric, acc_real:0.4872448979591837; acc_fake:0.7066326530612245
2025-10-09 23:26:43,595 - INFO - Checkpoint saved to ./logs/training/sbi_2025-10-09-23-24-22\test\avg\ckpt_best.pth, current ckpt is 0+48
2025-10-09 23:26:43,597 - INFO - Metrics saved to ./logs/training/sbi_2025-10-09-23-24-22\test\avg\metric_dict_best.pickle
2025-10-09 23:26:43,621 - INFO - dataset: avg    step: 48    testing-metric, acc: 0.5969387755102041    testing-metric, auc: 0.6408202311536859    testing-metric, eer: 0.4005102040816326    testing-metric, ap: 0.6302070630159424    testing-metric, video_auc: 0.6526447313619326    
2025-10-09 23:26:43,622 - INFO - ===> Test Done!
2025-10-09 23:26:44,220 - INFO - ===> Epoch[0] end with testing auc: 
================================ Each dataset best metric ================================ 
| UADFV:  auc=0.6408202311536859 | 
============================================================================================= 
================================== Average best metric ====================================== 
| avg auc: 0.6408202311536859 | 
| UADFV: 0.6408202311536859 | 
=============================================================================================!
2025-10-09 23:26:44,221 - INFO - ===> Epoch[1] start!
2025-10-09 23:26:44,223 - INFO - data_dict saved to ./logs/training/sbi_2025-10-09-23-24-22\train\UADFV\data_dict_train.pickle
2025-10-09 23:27:04,269 - INFO - Iter: 49    training-loss, overall: 0.37259045243263245    
2025-10-09 23:27:04,269 - INFO - Iter: 49    training-metric, acc: 1.0    training-metric, auc: 1.0    training-metric, eer: 0.0    training-metric, ap: 1.0    
2025-10-09 23:27:27,135 - INFO - ===> Test start!
2025-10-09 23:27:27,139 - INFO - data_dict saved to ./logs/training/sbi_2025-10-09-23-24-22\test\UADFV\data_dict_test.pickle
2025-10-09 23:28:18,198 - INFO - dataset: UADFV    step: 71    testing-loss, overall: 0.8677052855491638    
2025-10-09 23:28:18,200 - INFO - dataset: UADFV    step: 71    testing-metric, acc: 0.5357142857142857    testing-metric, auc: 0.5992620262390671    testing-metric, eer: 0.42091836734693877    testing-metric, ap: 0.5554524034113587    testing-metric, video_auc: 0.60932944606414    testing-metric, acc_real:0.11734693877551021; acc_fake:0.9540816326530612
2025-10-09 23:28:18,201 - INFO - dataset: avg    step: 71    testing-metric, acc: 0.5357142857142857    testing-metric, auc: 0.5992620262390671    testing-metric, eer: 0.42091836734693877    testing-metric, ap: 0.5554524034113587    testing-metric, video_auc: 0.60932944606414    
2025-10-09 23:28:18,201 - INFO - ===> Test Done!
